2013/10/26 14:45:28 [error] [exception.CException] exception 'CException' with message 'CAssetManager.basePath "C:\xampp\htdocs\thesis\assets" is invalid. Please make sure the directory exists and is writable by the Web server process.' in C:\xampp\htdocs\thesis\framework\web\CAssetManager.php:138
Stack trace:
#0 C:\xampp\htdocs\thesis\framework\web\CAssetManager.php(123): CAssetManager->setBasePath('C:\xampp\htdocs...')
#1 C:\xampp\htdocs\thesis\framework\web\CAssetManager.php(217): CAssetManager->getBasePath()
#2 C:\xampp\htdocs\thesis\protected\extensions\bootstrap\components\Bootstrap.php(306): CAssetManager->publish('C:\xampp\htdocs...', true, -1, false)
#3 C:\xampp\htdocs\thesis\protected\extensions\bootstrap\components\Bootstrap.php(50): Bootstrap->getAssetsUrl()
#4 C:\xampp\htdocs\thesis\protected\extensions\bootstrap\components\Bootstrap.php(81): Bootstrap->registerCoreCss()
#5 C:\xampp\htdocs\thesis\protected\extensions\bootstrap\components\Bootstrap.php(115): Bootstrap->registerAllCss()
#6 C:\xampp\htdocs\thesis\protected\views\layouts\main.php(12): Bootstrap->register()
#7 C:\xampp\htdocs\thesis\framework\web\CBaseController.php(126): require('C:\xampp\htdocs...')
#8 C:\xampp\htdocs\thesis\framework\web\CBaseController.php(95): CBaseController->renderInternal('C:\xampp\htdocs...', Array, true)
#9 C:\xampp\htdocs\thesis\framework\web\widgets\CContentDecorator.php(76): CBaseController->renderFile('C:\xampp\htdocs...', Array, true)
#10 C:\xampp\htdocs\thesis\framework\web\widgets\CContentDecorator.php(54): CContentDecorator->decorate('<div class="row...')
#11 C:\xampp\htdocs\thesis\framework\web\widgets\COutputProcessor.php(44): CContentDecorator->processOutput('<div class="row...')
#12 C:\xampp\htdocs\thesis\framework\web\CBaseController.php(206): COutputProcessor->run()
#13 C:\xampp\htdocs\thesis\framework\web\CBaseController.php(300): CBaseController->endWidget('CContentDecorat...')
#14 C:\xampp\htdocs\thesis\protected\views\layouts\column2.php(8): CBaseController->endContent()
#15 C:\xampp\htdocs\thesis\framework\web\CBaseController.php(126): require('C:\xampp\htdocs...')
#16 C:\xampp\htdocs\thesis\framework\web\CBaseController.php(95): CBaseController->renderInternal('C:\xampp\htdocs...', Array, true)
#17 C:\xampp\htdocs\thesis\framework\web\CController.php(784): CBaseController->renderFile('C:\xampp\htdocs...', Array, true)
#18 C:\xampp\htdocs\thesis\protected\controllers\SiteController.php(38): CController->render('index')
#19 C:\xampp\htdocs\thesis\framework\web\actions\CInlineAction.php(49): SiteController->actionIndex()
#20 C:\xampp\htdocs\thesis\framework\web\CController.php(308): CInlineAction->runWithParams(Array)
#21 C:\xampp\htdocs\thesis\framework\web\CController.php(286): CController->runAction(Object(CInlineAction))
#22 C:\xampp\htdocs\thesis\framework\web\CController.php(265): CController->runActionWithFilters(Object(CInlineAction), Array)
#23 C:\xampp\htdocs\thesis\framework\web\CWebApplication.php(282): CController->run('')
#24 C:\xampp\htdocs\thesis\framework\web\CWebApplication.php(141): CWebApplication->runController('')
#25 C:\xampp\htdocs\thesis\framework\base\CApplication.php(180): CWebApplication->processRequest()
#26 C:\xampp\htdocs\thesis\index.php(13): CApplication->run()
#27 {main}
REQUEST_URI=/thesis/
---
2013/10/28 14:35:25 [error] [exception.CHttpException.404] exception 'CHttpException' with message 'Unable to resolve the request "statistics/admin".' in C:\xampp\htdocs\thesis\framework\web\CWebApplication.php:286
Stack trace:
#0 C:\xampp\htdocs\thesis\framework\web\CWebApplication.php(141): CWebApplication->runController('statistics/admi...')
#1 C:\xampp\htdocs\thesis\framework\base\CApplication.php(180): CWebApplication->processRequest()
#2 C:\xampp\htdocs\thesis\index.php(13): CApplication->run()
#3 {main}
REQUEST_URI=/thesis/index.php?r=statistics/admin
HTTP_REFERER=http://localhost/thesis/
---
2013/10/28 14:36:28 [error] [exception.CHttpException.404] exception 'CHttpException' with message 'The system is unable to find the requested action "index".' in C:\xampp\htdocs\thesis\framework\web\CController.php:483
Stack trace:
#0 C:\xampp\htdocs\thesis\framework\web\CController.php(270): CController->missingAction('')
#1 C:\xampp\htdocs\thesis\framework\web\CWebApplication.php(282): CController->run('')
#2 C:\xampp\htdocs\thesis\framework\web\CWebApplication.php(141): CWebApplication->runController('statistics')
#3 C:\xampp\htdocs\thesis\framework\base\CApplication.php(180): CWebApplication->processRequest()
#4 C:\xampp\htdocs\thesis\index.php(13): CApplication->run()
#5 {main}
REQUEST_URI=/thesis/index.php?r=statistics
HTTP_REFERER=http://localhost/thesis/index.php?r=gii/controller/index
---
2013/10/28 14:39:34 [error] [php] Undefined variable: model (C:\xampp\htdocs\thesis\protected\views\admin\index.php:21)
Stack trace:
#0 C:\xampp\htdocs\thesis\framework\web\CController.php(869): AdminController->renderFile()
#1 C:\xampp\htdocs\thesis\framework\web\CController.php(782): AdminController->renderPartial()
#2 C:\xampp\htdocs\thesis\protected\controllers\AdminController.php(15): AdminController->render()
#3 C:\xampp\htdocs\thesis\framework\web\actions\CInlineAction.php(49): AdminController->actionIndex()
#4 C:\xampp\htdocs\thesis\framework\web\CController.php(308): CInlineAction->runWithParams()
#5 C:\xampp\htdocs\thesis\framework\web\CController.php(286): AdminController->runAction()
#6 C:\xampp\htdocs\thesis\framework\web\CController.php(265): AdminController->runActionWithFilters()
#7 C:\xampp\htdocs\thesis\framework\web\CWebApplication.php(282): AdminController->run()
#8 C:\xampp\htdocs\thesis\framework\web\CWebApplication.php(141): CWebApplication->runController()
#9 C:\xampp\htdocs\thesis\framework\base\CApplication.php(180): CWebApplication->processRequest()
#10 C:\xampp\htdocs\thesis\index.php(13): CWebApplication->run()
REQUEST_URI=/thesis/index.php?r=admin/index
in C:\xampp\htdocs\thesis\protected\views\admin\index.php (21)
in C:\xampp\htdocs\thesis\protected\controllers\AdminController.php (15)
in C:\xampp\htdocs\thesis\index.php (13)
2013/10/28 14:39:39 [error] [php] Undefined variable: model (C:\xampp\htdocs\thesis\protected\views\admin\index.php:21)
Stack trace:
#0 C:\xampp\htdocs\thesis\framework\web\CController.php(869): AdminController->renderFile()
#1 C:\xampp\htdocs\thesis\framework\web\CController.php(782): AdminController->renderPartial()
#2 C:\xampp\htdocs\thesis\protected\controllers\AdminController.php(15): AdminController->render()
#3 C:\xampp\htdocs\thesis\framework\web\actions\CInlineAction.php(49): AdminController->actionIndex()
#4 C:\xampp\htdocs\thesis\framework\web\CController.php(308): CInlineAction->runWithParams()
#5 C:\xampp\htdocs\thesis\framework\web\CController.php(286): AdminController->runAction()
#6 C:\xampp\htdocs\thesis\framework\web\CController.php(265): AdminController->runActionWithFilters()
#7 C:\xampp\htdocs\thesis\framework\web\CWebApplication.php(282): AdminController->run()
#8 C:\xampp\htdocs\thesis\framework\web\CWebApplication.php(141): CWebApplication->runController()
#9 C:\xampp\htdocs\thesis\framework\base\CApplication.php(180): CWebApplication->processRequest()
#10 C:\xampp\htdocs\thesis\index.php(13): CWebApplication->run()
REQUEST_URI=/thesis/index.php?r=admin/index
in C:\xampp\htdocs\thesis\protected\views\admin\index.php (21)
in C:\xampp\htdocs\thesis\protected\controllers\AdminController.php (15)
in C:\xampp\htdocs\thesis\index.php (13)
2013/10/28 14:57:20 [error] [exception.CException] exception 'CException' with message 'Property "CWebApplication.Behaviour" is not defined.' in C:\xampp\htdocs\thesis\framework\base\CComponent.php:130
Stack trace:
#0 C:\xampp\htdocs\thesis\framework\base\CModule.php(105): CComponent->__get('Behaviour')
#1 C:\xampp\htdocs\thesis\protected\controllers\BehaviourController.php(50): CModule->__get('Behaviour')
#2 C:\xampp\htdocs\thesis\framework\web\actions\CInlineAction.php(49): BehaviourController->actionTest()
#3 C:\xampp\htdocs\thesis\framework\web\CController.php(308): CInlineAction->runWithParams(Array)
#4 C:\xampp\htdocs\thesis\framework\web\filters\CFilterChain.php(133): CController->runAction(Object(CInlineAction))
#5 C:\xampp\htdocs\thesis\framework\web\filters\CFilter.php(40): CFilterChain->run()
#6 C:\xampp\htdocs\thesis\framework\web\CController.php(1145): CFilter->filter(Object(CFilterChain))
#7 C:\xampp\htdocs\thesis\framework\web\filters\CInlineFilter.php(58): CController->filterAccessControl(Object(CFilterChain))
#8 C:\xampp\htdocs\thesis\framework\web\filters\CFilterChain.php(130): CInlineFilter->filter(Object(CFilterChain))
#9 C:\xampp\htdocs\thesis\framework\web\CController.php(291): CFilterChain->run()
#10 C:\xampp\htdocs\thesis\framework\web\CController.php(265): CController->runActionWithFilters(Object(CInlineAction), Array)
#11 C:\xampp\htdocs\thesis\framework\web\CWebApplication.php(282): CController->run('test')
#12 C:\xampp\htdocs\thesis\framework\web\CWebApplication.php(141): CWebApplication->runController('behaviour/test')
#13 C:\xampp\htdocs\thesis\framework\base\CApplication.php(180): CWebApplication->processRequest()
#14 C:\xampp\htdocs\thesis\index.php(13): CApplication->run()
#15 {main}
REQUEST_URI=/thesis/index.php?r=behaviour/test
---
2013/10/28 14:58:13 [error] [exception.CException] exception 'CException' with message 'Property "CWebApplication.Behaviour" is not defined.' in C:\xampp\htdocs\thesis\framework\base\CComponent.php:130
Stack trace:
#0 C:\xampp\htdocs\thesis\framework\base\CModule.php(105): CComponent->__get('Behaviour')
#1 C:\xampp\htdocs\thesis\protected\controllers\BehaviourController.php(50): CModule->__get('Behaviour')
#2 C:\xampp\htdocs\thesis\framework\web\actions\CInlineAction.php(49): BehaviourController->actionTest()
#3 C:\xampp\htdocs\thesis\framework\web\CController.php(308): CInlineAction->runWithParams(Array)
#4 C:\xampp\htdocs\thesis\framework\web\filters\CFilterChain.php(133): CController->runAction(Object(CInlineAction))
#5 C:\xampp\htdocs\thesis\framework\web\filters\CFilter.php(40): CFilterChain->run()
#6 C:\xampp\htdocs\thesis\framework\web\CController.php(1145): CFilter->filter(Object(CFilterChain))
#7 C:\xampp\htdocs\thesis\framework\web\filters\CInlineFilter.php(58): CController->filterAccessControl(Object(CFilterChain))
#8 C:\xampp\htdocs\thesis\framework\web\filters\CFilterChain.php(130): CInlineFilter->filter(Object(CFilterChain))
#9 C:\xampp\htdocs\thesis\framework\web\CController.php(291): CFilterChain->run()
#10 C:\xampp\htdocs\thesis\framework\web\CController.php(265): CController->runActionWithFilters(Object(CInlineAction), Array)
#11 C:\xampp\htdocs\thesis\framework\web\CWebApplication.php(282): CController->run('test')
#12 C:\xampp\htdocs\thesis\framework\web\CWebApplication.php(141): CWebApplication->runController('behaviour/test')
#13 C:\xampp\htdocs\thesis\framework\base\CApplication.php(180): CWebApplication->processRequest()
#14 C:\xampp\htdocs\thesis\index.php(13): CApplication->run()
#15 {main}
REQUEST_URI=/thesis/index.php?r=behaviour/test
---
2013/11/04 07:51:02 [error] [php] Trying to get property of non-object (C:\xampp\htdocs\thesis\protected\components\Recommender.php:17)
Stack trace:
#0 C:\xampp\htdocs\thesis\framework\web\CController.php(308): CInlineAction->runWithParams()
#1 C:\xampp\htdocs\thesis\framework\web\filters\CFilterChain.php(133): BehaviourController->runAction()
#2 C:\xampp\htdocs\thesis\framework\web\filters\CFilter.php(40): CFilterChain->run()
#3 C:\xampp\htdocs\thesis\framework\web\CController.php(1145): CAccessControlFilter->filter()
#4 C:\xampp\htdocs\thesis\framework\web\filters\CInlineFilter.php(58): BehaviourController->filterAccessControl()
#5 C:\xampp\htdocs\thesis\framework\web\filters\CFilterChain.php(130): CInlineFilter->filter()
#6 C:\xampp\htdocs\thesis\framework\web\CController.php(291): CFilterChain->run()
#7 C:\xampp\htdocs\thesis\framework\web\CController.php(265): BehaviourController->runActionWithFilters()
#8 C:\xampp\htdocs\thesis\framework\web\CWebApplication.php(282): BehaviourController->run()
#9 C:\xampp\htdocs\thesis\framework\web\CWebApplication.php(141): CWebApplication->runController()
#10 C:\xampp\htdocs\thesis\framework\base\CApplication.php(180): CWebApplication->processRequest()
#11 C:\xampp\htdocs\thesis\index.php(13): CWebApplication->run()
REQUEST_URI=/thesis/index.php?r=behaviour/test
in C:\xampp\htdocs\thesis\protected\components\Recommender.php (17)
in C:\xampp\htdocs\thesis\protected\controllers\BehaviourController.php (50)
in C:\xampp\htdocs\thesis\index.php (13)
2013/11/04 08:16:29 [error] [php] Undefined variable: category (C:\xampp\htdocs\thesis\protected\components\Recommender.php:14)
Stack trace:
#0 C:\xampp\htdocs\thesis\framework\web\CController.php(308): CInlineAction->runWithParams()
#1 C:\xampp\htdocs\thesis\framework\web\filters\CFilterChain.php(133): BehaviourController->runAction()
#2 C:\xampp\htdocs\thesis\framework\web\filters\CFilter.php(40): CFilterChain->run()
#3 C:\xampp\htdocs\thesis\framework\web\CController.php(1145): CAccessControlFilter->filter()
#4 C:\xampp\htdocs\thesis\framework\web\filters\CInlineFilter.php(58): BehaviourController->filterAccessControl()
#5 C:\xampp\htdocs\thesis\framework\web\filters\CFilterChain.php(130): CInlineFilter->filter()
#6 C:\xampp\htdocs\thesis\framework\web\CController.php(291): CFilterChain->run()
#7 C:\xampp\htdocs\thesis\framework\web\CController.php(265): BehaviourController->runActionWithFilters()
#8 C:\xampp\htdocs\thesis\framework\web\CWebApplication.php(282): BehaviourController->run()
#9 C:\xampp\htdocs\thesis\framework\web\CWebApplication.php(141): CWebApplication->runController()
#10 C:\xampp\htdocs\thesis\framework\base\CApplication.php(180): CWebApplication->processRequest()
#11 C:\xampp\htdocs\thesis\index.php(13): CWebApplication->run()
REQUEST_URI=/thesis/index.php?r=behaviour/test
in C:\xampp\htdocs\thesis\protected\components\Recommender.php (14)
in C:\xampp\htdocs\thesis\protected\controllers\BehaviourController.php (50)
in C:\xampp\htdocs\thesis\index.php (13)
2013/11/04 08:18:13 [error] [system.db.CDbCommand] CDbCommand::fetchAll() failed: SQLSTATE[42000]: Syntax error or access violation: 1064 You have an error in your SQL syntax; check the manual that corresponds to your MySQL server version for the right syntax to use near ':= 3 AND Price < OriginalPrice' at line 1. The SQL statement executed was: SELECT * FROM item where Category := 3 AND Price < OriginalPrice.
in C:\xampp\htdocs\thesis\protected\components\Recommender.php (15)
in C:\xampp\htdocs\thesis\protected\controllers\BehaviourController.php (50)
in C:\xampp\htdocs\thesis\index.php (13)
2013/11/04 08:18:14 [error] [exception.CDbException] exception 'CDbException' with message 'CDbCommand failed to execute the SQL statement: SQLSTATE[42000]: Syntax error or access violation: 1064 You have an error in your SQL syntax; check the manual that corresponds to your MySQL server version for the right syntax to use near ':= 3 AND Price < OriginalPrice' at line 1. The SQL statement executed was: SELECT * FROM item where Category := 3 AND Price < OriginalPrice' in C:\xampp\htdocs\thesis\framework\db\CDbCommand.php:543
Stack trace:
#0 C:\xampp\htdocs\thesis\framework\db\CDbCommand.php(396): CDbCommand->queryInternal('fetchAll', Array, Array)
#1 C:\xampp\htdocs\thesis\framework\db\ar\CActiveRecord.php(1581): CDbCommand->queryAll()
#2 C:\xampp\htdocs\thesis\protected\components\Recommender.php(15): CActiveRecord->findAllBySql('SELECT * FROM i...')
#3 C:\xampp\htdocs\thesis\protected\controllers\BehaviourController.php(50): Recommender->getTopNBestPrice(3, 2)
#4 C:\xampp\htdocs\thesis\framework\web\actions\CInlineAction.php(49): BehaviourController->actionTest()
#5 C:\xampp\htdocs\thesis\framework\web\CController.php(308): CInlineAction->runWithParams(Array)
#6 C:\xampp\htdocs\thesis\framework\web\filters\CFilterChain.php(133): CController->runAction(Object(CInlineAction))
#7 C:\xampp\htdocs\thesis\framework\web\filters\CFilter.php(40): CFilterChain->run()
#8 C:\xampp\htdocs\thesis\framework\web\CController.php(1145): CFilter->filter(Object(CFilterChain))
#9 C:\xampp\htdocs\thesis\framework\web\filters\CInlineFilter.php(58): CController->filterAccessControl(Object(CFilterChain))
#10 C:\xampp\htdocs\thesis\framework\web\filters\CFilterChain.php(130): CInlineFilter->filter(Object(CFilterChain))
#11 C:\xampp\htdocs\thesis\framework\web\CController.php(291): CFilterChain->run()
#12 C:\xampp\htdocs\thesis\framework\web\CController.php(265): CController->runActionWithFilters(Object(CInlineAction), Array)
#13 C:\xampp\htdocs\thesis\framework\web\CWebApplication.php(282): CController->run('test')
#14 C:\xampp\htdocs\thesis\framework\web\CWebApplication.php(141): CWebApplication->runController('behaviour/test')
#15 C:\xampp\htdocs\thesis\framework\base\CApplication.php(180): CWebApplication->processRequest()
#16 C:\xampp\htdocs\thesis\index.php(13): CApplication->run()
#17 {main}
REQUEST_URI=/thesis/index.php?r=behaviour/test
---
2013/11/04 08:38:42 [error] [php] array_slice() expects parameter 1 to be array, boolean given (C:\xampp\htdocs\thesis\protected\components\Recommender.php:24)
Stack trace:
#0 C:\xampp\htdocs\thesis\framework\web\actions\CInlineAction.php(49): BehaviourController->actionTest()
#1 C:\xampp\htdocs\thesis\framework\web\CController.php(308): CInlineAction->runWithParams()
#2 C:\xampp\htdocs\thesis\framework\web\filters\CFilterChain.php(133): BehaviourController->runAction()
#3 C:\xampp\htdocs\thesis\framework\web\filters\CFilter.php(40): CFilterChain->run()
#4 C:\xampp\htdocs\thesis\framework\web\CController.php(1145): CAccessControlFilter->filter()
#5 C:\xampp\htdocs\thesis\framework\web\filters\CInlineFilter.php(58): BehaviourController->filterAccessControl()
#6 C:\xampp\htdocs\thesis\framework\web\filters\CFilterChain.php(130): CInlineFilter->filter()
#7 C:\xampp\htdocs\thesis\framework\web\CController.php(291): CFilterChain->run()
#8 C:\xampp\htdocs\thesis\framework\web\CController.php(265): BehaviourController->runActionWithFilters()
#9 C:\xampp\htdocs\thesis\framework\web\CWebApplication.php(282): BehaviourController->run()
#10 C:\xampp\htdocs\thesis\framework\web\CWebApplication.php(141): CWebApplication->runController()
#11 C:\xampp\htdocs\thesis\framework\base\CApplication.php(180): CWebApplication->processRequest()
#12 C:\xampp\htdocs\thesis\index.php(13): CWebApplication->run()
REQUEST_URI=/thesis/index.php?r=behaviour/test
in C:\xampp\htdocs\thesis\protected\components\Recommender.php (24)
in C:\xampp\htdocs\thesis\protected\controllers\BehaviourController.php (50)
in C:\xampp\htdocs\thesis\index.php (13)
2013/11/11 13:41:37 [error] [php] Undefined variable: url (C:\xampp\htdocs\thesis\protected\controllers\CrawlerController.php:82)
Stack trace:
#0 C:\xampp\htdocs\thesis\framework\web\CController.php(286): CrawlerController->runAction()
#1 C:\xampp\htdocs\thesis\framework\web\CController.php(265): CrawlerController->runActionWithFilters()
#2 C:\xampp\htdocs\thesis\framework\web\CWebApplication.php(282): CrawlerController->run()
#3 C:\xampp\htdocs\thesis\framework\web\CWebApplication.php(141): CWebApplication->runController()
#4 C:\xampp\htdocs\thesis\framework\base\CApplication.php(180): CWebApplication->processRequest()
#5 C:\xampp\htdocs\thesis\index.php(13): CWebApplication->run()
REQUEST_URI=/thesis/index.php?r=crawler/test
in C:\xampp\htdocs\thesis\protected\controllers\CrawlerController.php (82)
in C:\xampp\htdocs\thesis\index.php (13)
2013/11/11 14:05:04 [error] [php] Trying to get property of non-object (C:\xampp\htdocs\thesis\protected\components\Extractor.php:211)
Stack trace:
#0 C:\xampp\htdocs\thesis\framework\web\actions\CInlineAction.php(49): XpathController->actionTryXpath()
#1 C:\xampp\htdocs\thesis\framework\web\CController.php(308): CInlineAction->runWithParams()
#2 C:\xampp\htdocs\thesis\framework\web\filters\CFilterChain.php(133): XpathController->runAction()
#3 C:\xampp\htdocs\thesis\framework\web\filters\CFilter.php(40): CFilterChain->run()
#4 C:\xampp\htdocs\thesis\framework\web\CController.php(1145): CAccessControlFilter->filter()
#5 C:\xampp\htdocs\thesis\framework\web\filters\CInlineFilter.php(58): XpathController->filterAccessControl()
#6 C:\xampp\htdocs\thesis\framework\web\filters\CFilterChain.php(130): CInlineFilter->filter()
#7 C:\xampp\htdocs\thesis\framework\web\CController.php(291): CFilterChain->run()
#8 C:\xampp\htdocs\thesis\framework\web\CController.php(265): XpathController->runActionWithFilters()
#9 C:\xampp\htdocs\thesis\framework\web\CWebApplication.php(282): XpathController->run()
#10 C:\xampp\htdocs\thesis\framework\web\CWebApplication.php(141): CWebApplication->runController()
#11 C:\xampp\htdocs\thesis\framework\base\CApplication.php(180): CWebApplication->processRequest()
#12 C:\xampp\htdocs\thesis\index.php(13): CWebApplication->run()
REQUEST_URI=/thesis/index.php?r=xpath/tryXpath
in C:\xampp\htdocs\thesis\protected\components\Extractor.php (211)
in C:\xampp\htdocs\thesis\protected\components\Extractor.php (93)
in C:\xampp\htdocs\thesis\protected\controllers\XpathController.php (231)
2013/11/11 17:02:04 [error] [php] Trying to get property of non-object (C:\xampp\htdocs\thesis\protected\views\site\index.php:5)
Stack trace:
#0 C:\xampp\htdocs\thesis\framework\web\CController.php(869): SiteController->renderFile()
#1 C:\xampp\htdocs\thesis\framework\web\CController.php(782): SiteController->renderPartial()
#2 C:\xampp\htdocs\thesis\protected\controllers\SiteController.php(38): SiteController->render()
#3 C:\xampp\htdocs\thesis\framework\web\actions\CInlineAction.php(49): SiteController->actionIndex()
#4 C:\xampp\htdocs\thesis\framework\web\CController.php(308): CInlineAction->runWithParams()
#5 C:\xampp\htdocs\thesis\framework\web\CController.php(286): SiteController->runAction()
#6 C:\xampp\htdocs\thesis\framework\web\CController.php(265): SiteController->runActionWithFilters()
#7 C:\xampp\htdocs\thesis\framework\web\CWebApplication.php(282): SiteController->run()
#8 C:\xampp\htdocs\thesis\framework\web\CWebApplication.php(141): CWebApplication->runController()
#9 C:\xampp\htdocs\thesis\framework\base\CApplication.php(180): CWebApplication->processRequest()
#10 C:\xampp\htdocs\thesis\index.php(13): CWebApplication->run()
REQUEST_URI=/thesis/
in C:\xampp\htdocs\thesis\protected\views\site\index.php (5)
in C:\xampp\htdocs\thesis\protected\controllers\SiteController.php (38)
in C:\xampp\htdocs\thesis\index.php (13)
2013/11/12 04:02:35 [error] [exception.CDbException] exception 'CDbException' with message 'Table "user" does not have a column named "action".' in C:\xampp\htdocs\thesis\framework\db\schema\CDbCommandBuilder.php:694
Stack trace:
#0 C:\xampp\htdocs\thesis\framework\db\ar\CActiveRecord.php(1518): CDbCommandBuilder->createColumnCriteria(Object(CMysqlTableSchema), Array, '', Array, '`t`.')
#1 C:\xampp\htdocs\thesis\protected\controllers\UserController.php(126): CActiveRecord->findByAttributes(Array)
#2 C:\xampp\htdocs\thesis\framework\web\actions\CInlineAction.php(49): UserController->actionIndex()
#3 C:\xampp\htdocs\thesis\framework\web\CController.php(308): CInlineAction->runWithParams(Array)
#4 C:\xampp\htdocs\thesis\framework\web\filters\CFilterChain.php(133): CController->runAction(Object(CInlineAction))
#5 C:\xampp\htdocs\thesis\framework\web\filters\CFilter.php(40): CFilterChain->run()
#6 C:\xampp\htdocs\thesis\framework\web\CController.php(1145): CFilter->filter(Object(CFilterChain))
#7 C:\xampp\htdocs\thesis\framework\web\filters\CInlineFilter.php(58): CController->filterAccessControl(Object(CFilterChain))
#8 C:\xampp\htdocs\thesis\framework\web\filters\CFilterChain.php(130): CInlineFilter->filter(Object(CFilterChain))
#9 C:\xampp\htdocs\thesis\framework\web\CController.php(291): CFilterChain->run()
#10 C:\xampp\htdocs\thesis\framework\web\CController.php(265): CController->runActionWithFilters(Object(CInlineAction), Array)
#11 C:\xampp\htdocs\thesis\framework\web\CWebApplication.php(282): CController->run('index')
#12 C:\xampp\htdocs\thesis\framework\web\CWebApplication.php(141): CWebApplication->runController('user/index')
#13 C:\xampp\htdocs\thesis\framework\base\CApplication.php(180): CWebApplication->processRequest()
#14 C:\xampp\htdocs\thesis\index.php(13): CApplication->run()
#15 {main}
REQUEST_URI=/thesis/index.php?r=user/index
---
2013/11/12 08:06:12 [error] [php] Undefined variable: dataProvider (C:\xampp\htdocs\thesis\protected\views\behaviour\index.php:18)
Stack trace:
#0 C:\xampp\htdocs\thesis\framework\web\CController.php(869): BehaviourController->renderFile()
#1 C:\xampp\htdocs\thesis\framework\web\CController.php(782): BehaviourController->renderPartial()
#2 C:\xampp\htdocs\thesis\protected\controllers\BehaviourController.php(135): BehaviourController->render()
#3 C:\xampp\htdocs\thesis\framework\web\actions\CInlineAction.php(49): BehaviourController->actionIndex()
#4 C:\xampp\htdocs\thesis\framework\web\CController.php(308): CInlineAction->runWithParams()
#5 C:\xampp\htdocs\thesis\framework\web\filters\CFilterChain.php(133): BehaviourController->runAction()
#6 C:\xampp\htdocs\thesis\framework\web\filters\CFilter.php(40): CFilterChain->run()
#7 C:\xampp\htdocs\thesis\framework\web\CController.php(1145): CAccessControlFilter->filter()
#8 C:\xampp\htdocs\thesis\framework\web\filters\CInlineFilter.php(58): BehaviourController->filterAccessControl()
#9 C:\xampp\htdocs\thesis\framework\web\filters\CFilterChain.php(130): CInlineFilter->filter()
#10 C:\xampp\htdocs\thesis\framework\web\CController.php(291): CFilterChain->run()
#11 C:\xampp\htdocs\thesis\framework\web\CController.php(265): BehaviourController->runActionWithFilters()
#12 C:\xampp\htdocs\thesis\framework\web\CWebApplication.php(282): BehaviourController->run()
#13 C:\xampp\htdocs\thesis\framework\web\CWebApplication.php(141): CWebApplication->runController()
#14 C:\xampp\htdocs\thesis\framework\base\CApplication.php(180): CWebApplication->processRequest()
#15 C:\xampp\htdocs\thesis\index.php(13): CWebApplication->run()
REQUEST_URI=/thesis/index.php?r=behaviour/index
in C:\xampp\htdocs\thesis\protected\views\behaviour\index.php (18)
in C:\xampp\htdocs\thesis\protected\controllers\BehaviourController.php (135)
in C:\xampp\htdocs\thesis\index.php (13)
2013/11/12 09:33:54 [error] [exception.CHttpException.404] exception 'CHttpException' with message 'The system is unable to find the requested action "admin2".' in C:\xampp\htdocs\thesis\framework\web\CController.php:483
Stack trace:
#0 C:\xampp\htdocs\thesis\framework\web\CController.php(270): CController->missingAction('admin2')
#1 C:\xampp\htdocs\thesis\framework\web\CWebApplication.php(282): CController->run('admin2')
#2 C:\xampp\htdocs\thesis\framework\web\CWebApplication.php(141): CWebApplication->runController('categoryurl/adm...')
#3 C:\xampp\htdocs\thesis\framework\base\CApplication.php(180): CWebApplication->processRequest()
#4 C:\xampp\htdocs\thesis\index.php(13): CApplication->run()
#5 {main}
REQUEST_URI=/thesis/index.php?r=categoryurl/admin2
---
2013/11/12 19:38:04 [error] [exception.CException] exception 'CException' with message 'FeedbackController cannot find the requested view "_search".' in C:\xampp\htdocs\thesis\framework\web\CController.php:878
Stack trace:
#0 C:\xampp\htdocs\thesis\protected\views\feedback\admin.php(40): CController->renderPartial('_search', Array)
#1 C:\xampp\htdocs\thesis\framework\web\CBaseController.php(126): require('C:\xampp\htdocs...')
#2 C:\xampp\htdocs\thesis\framework\web\CBaseController.php(95): CBaseController->renderInternal('C:\xampp\htdocs...', Array, true)
#3 C:\xampp\htdocs\thesis\framework\web\CController.php(869): CBaseController->renderFile('C:\xampp\htdocs...', Array, true)
#4 C:\xampp\htdocs\thesis\framework\web\CController.php(782): CController->renderPartial('admin', Array, true)
#5 C:\xampp\htdocs\thesis\protected\controllers\FeedbackController.php(143): CController->render('admin', Array)
#6 C:\xampp\htdocs\thesis\framework\web\actions\CInlineAction.php(49): FeedbackController->actionAdmin()
#7 C:\xampp\htdocs\thesis\framework\web\CController.php(308): CInlineAction->runWithParams(Array)
#8 C:\xampp\htdocs\thesis\framework\web\filters\CFilterChain.php(133): CController->runAction(Object(CInlineAction))
#9 C:\xampp\htdocs\thesis\framework\web\filters\CFilter.php(40): CFilterChain->run()
#10 C:\xampp\htdocs\thesis\framework\web\CController.php(1145): CFilter->filter(Object(CFilterChain))
#11 C:\xampp\htdocs\thesis\framework\web\filters\CInlineFilter.php(58): CController->filterAccessControl(Object(CFilterChain))
#12 C:\xampp\htdocs\thesis\framework\web\filters\CFilterChain.php(130): CInlineFilter->filter(Object(CFilterChain))
#13 C:\xampp\htdocs\thesis\framework\web\CController.php(291): CFilterChain->run()
#14 C:\xampp\htdocs\thesis\framework\web\CController.php(265): CController->runActionWithFilters(Object(CInlineAction), Array)
#15 C:\xampp\htdocs\thesis\framework\web\CWebApplication.php(282): CController->run('admin')
#16 C:\xampp\htdocs\thesis\framework\web\CWebApplication.php(141): CWebApplication->runController('feedback/admin')
#17 C:\xampp\htdocs\thesis\framework\base\CApplication.php(180): CWebApplication->processRequest()
#18 C:\xampp\htdocs\thesis\index.php(13): CApplication->run()
#19 {main}
REQUEST_URI=/thesis/index.php?r=feedback/admin
HTTP_REFERER=http://localhost/thesis/index.php?r=site/login
---
2013/11/12 19:38:30 [error] [exception.CException] exception 'CException' with message 'FeedbackController cannot find the requested view "_search".' in C:\xampp\htdocs\thesis\framework\web\CController.php:878
Stack trace:
#0 C:\xampp\htdocs\thesis\protected\views\feedback\admin.php(25): CController->renderPartial('_search', Array)
#1 C:\xampp\htdocs\thesis\framework\web\CBaseController.php(126): require('C:\xampp\htdocs...')
#2 C:\xampp\htdocs\thesis\framework\web\CBaseController.php(95): CBaseController->renderInternal('C:\xampp\htdocs...', Array, true)
#3 C:\xampp\htdocs\thesis\framework\web\CController.php(869): CBaseController->renderFile('C:\xampp\htdocs...', Array, true)
#4 C:\xampp\htdocs\thesis\framework\web\CController.php(782): CController->renderPartial('admin', Array, true)
#5 C:\xampp\htdocs\thesis\protected\controllers\FeedbackController.php(143): CController->render('admin', Array)
#6 C:\xampp\htdocs\thesis\framework\web\actions\CInlineAction.php(49): FeedbackController->actionAdmin()
#7 C:\xampp\htdocs\thesis\framework\web\CController.php(308): CInlineAction->runWithParams(Array)
#8 C:\xampp\htdocs\thesis\framework\web\filters\CFilterChain.php(133): CController->runAction(Object(CInlineAction))
#9 C:\xampp\htdocs\thesis\framework\web\filters\CFilter.php(40): CFilterChain->run()
#10 C:\xampp\htdocs\thesis\framework\web\CController.php(1145): CFilter->filter(Object(CFilterChain))
#11 C:\xampp\htdocs\thesis\framework\web\filters\CInlineFilter.php(58): CController->filterAccessControl(Object(CFilterChain))
#12 C:\xampp\htdocs\thesis\framework\web\filters\CFilterChain.php(130): CInlineFilter->filter(Object(CFilterChain))
#13 C:\xampp\htdocs\thesis\framework\web\CController.php(291): CFilterChain->run()
#14 C:\xampp\htdocs\thesis\framework\web\CController.php(265): CController->runActionWithFilters(Object(CInlineAction), Array)
#15 C:\xampp\htdocs\thesis\framework\web\CWebApplication.php(282): CController->run('admin')
#16 C:\xampp\htdocs\thesis\framework\web\CWebApplication.php(141): CWebApplication->runController('feedback/admin')
#17 C:\xampp\htdocs\thesis\framework\base\CApplication.php(180): CWebApplication->processRequest()
#18 C:\xampp\htdocs\thesis\index.php(13): CApplication->run()
#19 {main}
REQUEST_URI=/thesis/index.php?r=feedback/admin
HTTP_REFERER=http://localhost/thesis/index.php?r=site/login
---
2013/11/12 19:40:32 [error] [exception.CException] exception 'CException' with message 'FeedbackController cannot find the requested view "index".' in C:\xampp\htdocs\thesis\framework\web\CController.php:878
Stack trace:
#0 C:\xampp\htdocs\thesis\framework\web\CController.php(782): CController->renderPartial('index', Array, true)
#1 C:\xampp\htdocs\thesis\protected\controllers\FeedbackController.php(128): CController->render('index', Array)
#2 C:\xampp\htdocs\thesis\framework\web\actions\CInlineAction.php(49): FeedbackController->actionIndex()
#3 C:\xampp\htdocs\thesis\framework\web\CController.php(308): CInlineAction->runWithParams(Array)
#4 C:\xampp\htdocs\thesis\framework\web\filters\CFilterChain.php(133): CController->runAction(Object(CInlineAction))
#5 C:\xampp\htdocs\thesis\framework\web\filters\CFilter.php(40): CFilterChain->run()
#6 C:\xampp\htdocs\thesis\framework\web\CController.php(1145): CFilter->filter(Object(CFilterChain))
#7 C:\xampp\htdocs\thesis\framework\web\filters\CInlineFilter.php(58): CController->filterAccessControl(Object(CFilterChain))
#8 C:\xampp\htdocs\thesis\framework\web\filters\CFilterChain.php(130): CInlineFilter->filter(Object(CFilterChain))
#9 C:\xampp\htdocs\thesis\framework\web\CController.php(291): CFilterChain->run()
#10 C:\xampp\htdocs\thesis\framework\web\CController.php(265): CController->runActionWithFilters(Object(CInlineAction), Array)
#11 C:\xampp\htdocs\thesis\framework\web\CWebApplication.php(282): CController->run('index')
#12 C:\xampp\htdocs\thesis\framework\web\CWebApplication.php(141): CWebApplication->runController('feedback/index')
#13 C:\xampp\htdocs\thesis\framework\base\CApplication.php(180): CWebApplication->processRequest()
#14 C:\xampp\htdocs\thesis\index.php(13): CApplication->run()
#15 {main}
REQUEST_URI=/thesis/index.php?r=feedback/index
HTTP_REFERER=http://localhost/thesis/index.php?r=feedback/view&id=2
---
2013/11/12 19:44:36 [error] [exception.CHttpException.404] exception 'CHttpException' with message 'The system is unable to find the requested action "tables".' in C:\xampp\htdocs\thesis\framework\web\CController.php:483
Stack trace:
#0 C:\xampp\htdocs\thesis\framework\web\CController.php(270): CController->missingAction('tables')
#1 C:\xampp\htdocs\thesis\framework\web\CWebApplication.php(282): CController->run('tables')
#2 C:\xampp\htdocs\thesis\framework\web\CWebApplication.php(141): CWebApplication->runController('site/tables')
#3 C:\xampp\htdocs\thesis\framework\base\CApplication.php(180): CWebApplication->processRequest()
#4 C:\xampp\htdocs\thesis\index.php(13): CApplication->run()
#5 {main}
REQUEST_URI=/thesis/index.php?r=site/tables
---
2013/11/12 19:44:59 [error] [exception.CHttpException.404] exception 'CHttpException' with message 'The system is unable to find the requested action "pages?view=tables".' in C:\xampp\htdocs\thesis\framework\web\CController.php:483
Stack trace:
#0 C:\xampp\htdocs\thesis\framework\web\CController.php(270): CController->missingAction('pages?view=tabl...')
#1 C:\xampp\htdocs\thesis\framework\web\CWebApplication.php(282): CController->run('pages?view=tabl...')
#2 C:\xampp\htdocs\thesis\framework\web\CWebApplication.php(141): CWebApplication->runController('site/pages?view...')
#3 C:\xampp\htdocs\thesis\framework\base\CApplication.php(180): CWebApplication->processRequest()
#4 C:\xampp\htdocs\thesis\index.php(13): CApplication->run()
#5 {main}
REQUEST_URI=/thesis/index.php?r=site/pages?view=tables
---
2013/11/13 03:47:16 [error] [php] Trying to get property of non-object (C:\xampp\htdocs\thesis\protected\components\Extractor.php:93)
Stack trace:
#0 C:\xampp\htdocs\thesis\framework\web\CController.php(308): CInlineAction->runWithParams()
#1 C:\xampp\htdocs\thesis\framework\web\filters\CFilterChain.php(133): XpathController->runAction()
#2 C:\xampp\htdocs\thesis\framework\web\filters\CFilter.php(40): CFilterChain->run()
#3 C:\xampp\htdocs\thesis\framework\web\CController.php(1145): CAccessControlFilter->filter()
#4 C:\xampp\htdocs\thesis\framework\web\filters\CInlineFilter.php(58): XpathController->filterAccessControl()
#5 C:\xampp\htdocs\thesis\framework\web\filters\CFilterChain.php(130): CInlineFilter->filter()
#6 C:\xampp\htdocs\thesis\framework\web\CController.php(291): CFilterChain->run()
#7 C:\xampp\htdocs\thesis\framework\web\CController.php(265): XpathController->runActionWithFilters()
#8 C:\xampp\htdocs\thesis\framework\web\CWebApplication.php(282): XpathController->run()
#9 C:\xampp\htdocs\thesis\framework\web\CWebApplication.php(141): CWebApplication->runController()
#10 C:\xampp\htdocs\thesis\framework\base\CApplication.php(180): CWebApplication->processRequest()
#11 C:\xampp\htdocs\thesis\index.php(13): CWebApplication->run()
REQUEST_URI=/thesis/index.php?r=xpath/tryXpath
in C:\xampp\htdocs\thesis\protected\components\Extractor.php (93)
in C:\xampp\htdocs\thesis\protected\controllers\XpathController.php (231)
in C:\xampp\htdocs\thesis\index.php (13)
2013/11/13 03:47:25 [warning] [application] Failed to set unsafe attribute "Condition" of "Xpath".
in C:\xampp\htdocs\thesis\protected\controllers\XpathController.php (242)
in C:\xampp\htdocs\thesis\index.php (13)
2013/11/13 03:47:28 [error] [php] Trying to get property of non-object (C:\xampp\htdocs\thesis\protected\components\Extractor.php:31)
Stack trace:
#0 C:\xampp\htdocs\thesis\framework\web\CController.php(308): CInlineAction->runWithParams()
#1 C:\xampp\htdocs\thesis\framework\web\filters\CFilterChain.php(133): XpathController->runAction()
#2 C:\xampp\htdocs\thesis\framework\web\filters\CFilter.php(40): CFilterChain->run()
#3 C:\xampp\htdocs\thesis\framework\web\CController.php(1145): CAccessControlFilter->filter()
#4 C:\xampp\htdocs\thesis\framework\web\filters\CInlineFilter.php(58): XpathController->filterAccessControl()
#5 C:\xampp\htdocs\thesis\framework\web\filters\CFilterChain.php(130): CInlineFilter->filter()
#6 C:\xampp\htdocs\thesis\framework\web\CController.php(291): CFilterChain->run()
#7 C:\xampp\htdocs\thesis\framework\web\CController.php(265): XpathController->runActionWithFilters()
#8 C:\xampp\htdocs\thesis\framework\web\CWebApplication.php(282): XpathController->run()
#9 C:\xampp\htdocs\thesis\framework\web\CWebApplication.php(141): CWebApplication->runController()
#10 C:\xampp\htdocs\thesis\framework\base\CApplication.php(180): CWebApplication->processRequest()
#11 C:\xampp\htdocs\thesis\index.php(13): CWebApplication->run()
REQUEST_URI=/thesis/index.php?r=xpath/tryAll
in C:\xampp\htdocs\thesis\protected\components\Extractor.php (31)
in C:\xampp\htdocs\thesis\protected\controllers\XpathController.php (243)
in C:\xampp\htdocs\thesis\index.php (13)
2013/11/13 03:48:05 [warning] [application] Failed to set unsafe attribute "Condition" of "Xpath".
in C:\xampp\htdocs\thesis\protected\controllers\XpathController.php (242)
in C:\xampp\htdocs\thesis\index.php (13)
2013/11/13 03:48:19 [error] [php] DOMXPath::query(): Invalid expression (C:\xampp\htdocs\thesis\protected\components\Extractor.php:73)
Stack trace:
#0 C:\xampp\htdocs\thesis\framework\web\actions\CInlineAction.php(49): XpathController->actionTryAll()
#1 C:\xampp\htdocs\thesis\framework\web\CController.php(308): CInlineAction->runWithParams()
#2 C:\xampp\htdocs\thesis\framework\web\filters\CFilterChain.php(133): XpathController->runAction()
#3 C:\xampp\htdocs\thesis\framework\web\filters\CFilter.php(40): CFilterChain->run()
#4 C:\xampp\htdocs\thesis\framework\web\CController.php(1145): CAccessControlFilter->filter()
#5 C:\xampp\htdocs\thesis\framework\web\filters\CInlineFilter.php(58): XpathController->filterAccessControl()
#6 C:\xampp\htdocs\thesis\framework\web\filters\CFilterChain.php(130): CInlineFilter->filter()
#7 C:\xampp\htdocs\thesis\framework\web\CController.php(291): CFilterChain->run()
#8 C:\xampp\htdocs\thesis\framework\web\CController.php(265): XpathController->runActionWithFilters()
#9 C:\xampp\htdocs\thesis\framework\web\CWebApplication.php(282): XpathController->run()
#10 C:\xampp\htdocs\thesis\framework\web\CWebApplication.php(141): CWebApplication->runController()
#11 C:\xampp\htdocs\thesis\framework\base\CApplication.php(180): CWebApplication->processRequest()
#12 C:\xampp\htdocs\thesis\index.php(13): CWebApplication->run()
REQUEST_URI=/thesis/index.php?r=xpath/tryAll
in C:\xampp\htdocs\thesis\protected\components\Extractor.php (73)
in C:\xampp\htdocs\thesis\protected\controllers\XpathController.php (243)
in C:\xampp\htdocs\thesis\index.php (13)
2013/11/14 03:19:12 [error] [exception.CException] exception 'CException' with message 'Property "Feedback.read" is not defined.' in C:\xampp\htdocs\thesis\framework\base\CComponent.php:130
Stack trace:
#0 C:\xampp\htdocs\thesis\framework\db\ar\CActiveRecord.php(145): CComponent->__get('read')
#1 C:\xampp\htdocs\thesis\protected\models\Feedback.php(87): CActiveRecord->__get('read')
#2 C:\xampp\htdocs\thesis\protected\views\feedback\admin.php(5): Feedback->search()
#3 C:\xampp\htdocs\thesis\framework\web\CBaseController.php(126): require('C:\xampp\htdocs...')
#4 C:\xampp\htdocs\thesis\framework\web\CBaseController.php(95): CBaseController->renderInternal('C:\xampp\htdocs...', Array, true)
#5 C:\xampp\htdocs\thesis\framework\web\CController.php(869): CBaseController->renderFile('C:\xampp\htdocs...', Array, true)
#6 C:\xampp\htdocs\thesis\framework\web\CController.php(782): CController->renderPartial('admin', Array, true)
#7 C:\xampp\htdocs\thesis\protected\controllers\FeedbackController.php(143): CController->render('admin', Array)
#8 C:\xampp\htdocs\thesis\framework\web\actions\CInlineAction.php(49): FeedbackController->actionAdmin()
#9 C:\xampp\htdocs\thesis\framework\web\CController.php(308): CInlineAction->runWithParams(Array)
#10 C:\xampp\htdocs\thesis\framework\web\filters\CFilterChain.php(133): CController->runAction(Object(CInlineAction))
#11 C:\xampp\htdocs\thesis\framework\web\filters\CFilter.php(40): CFilterChain->run()
#12 C:\xampp\htdocs\thesis\framework\web\CController.php(1145): CFilter->filter(Object(CFilterChain))
#13 C:\xampp\htdocs\thesis\framework\web\filters\CInlineFilter.php(58): CController->filterAccessControl(Object(CFilterChain))
#14 C:\xampp\htdocs\thesis\framework\web\filters\CFilterChain.php(130): CInlineFilter->filter(Object(CFilterChain))
#15 C:\xampp\htdocs\thesis\framework\web\CController.php(291): CFilterChain->run()
#16 C:\xampp\htdocs\thesis\framework\web\CController.php(265): CController->runActionWithFilters(Object(CInlineAction), Array)
#17 C:\xampp\htdocs\thesis\framework\web\CWebApplication.php(282): CController->run('admin')
#18 C:\xampp\htdocs\thesis\framework\web\CWebApplication.php(141): CWebApplication->runController('feedback/admin')
#19 C:\xampp\htdocs\thesis\framework\base\CApplication.php(180): CWebApplication->processRequest()
#20 C:\xampp\htdocs\thesis\index.php(13): CApplication->run()
#21 {main}
REQUEST_URI=/thesis/index.php?r=feedback/admin
---
2013/11/14 03:19:23 [error] [exception.CException] exception 'CException' with message 'Property "Feedback.read" is not defined.' in C:\xampp\htdocs\thesis\framework\base\CComponent.php:130
Stack trace:
#0 C:\xampp\htdocs\thesis\framework\db\ar\CActiveRecord.php(145): CComponent->__get('read')
#1 C:\xampp\htdocs\thesis\protected\models\Feedback.php(87): CActiveRecord->__get('read')
#2 C:\xampp\htdocs\thesis\protected\views\feedback\admin.php(5): Feedback->search()
#3 C:\xampp\htdocs\thesis\framework\web\CBaseController.php(126): require('C:\xampp\htdocs...')
#4 C:\xampp\htdocs\thesis\framework\web\CBaseController.php(95): CBaseController->renderInternal('C:\xampp\htdocs...', Array, true)
#5 C:\xampp\htdocs\thesis\framework\web\CController.php(869): CBaseController->renderFile('C:\xampp\htdocs...', Array, true)
#6 C:\xampp\htdocs\thesis\framework\web\CController.php(782): CController->renderPartial('admin', Array, true)
#7 C:\xampp\htdocs\thesis\protected\controllers\FeedbackController.php(143): CController->render('admin', Array)
#8 C:\xampp\htdocs\thesis\framework\web\actions\CInlineAction.php(49): FeedbackController->actionAdmin()
#9 C:\xampp\htdocs\thesis\framework\web\CController.php(308): CInlineAction->runWithParams(Array)
#10 C:\xampp\htdocs\thesis\framework\web\filters\CFilterChain.php(133): CController->runAction(Object(CInlineAction))
#11 C:\xampp\htdocs\thesis\framework\web\filters\CFilter.php(40): CFilterChain->run()
#12 C:\xampp\htdocs\thesis\framework\web\CController.php(1145): CFilter->filter(Object(CFilterChain))
#13 C:\xampp\htdocs\thesis\framework\web\filters\CInlineFilter.php(58): CController->filterAccessControl(Object(CFilterChain))
#14 C:\xampp\htdocs\thesis\framework\web\filters\CFilterChain.php(130): CInlineFilter->filter(Object(CFilterChain))
#15 C:\xampp\htdocs\thesis\framework\web\CController.php(291): CFilterChain->run()
#16 C:\xampp\htdocs\thesis\framework\web\CController.php(265): CController->runActionWithFilters(Object(CInlineAction), Array)
#17 C:\xampp\htdocs\thesis\framework\web\CWebApplication.php(282): CController->run('admin')
#18 C:\xampp\htdocs\thesis\framework\web\CWebApplication.php(141): CWebApplication->runController('feedback/admin')
#19 C:\xampp\htdocs\thesis\framework\base\CApplication.php(180): CWebApplication->processRequest()
#20 C:\xampp\htdocs\thesis\index.php(13): CApplication->run()
#21 {main}
REQUEST_URI=/thesis/index.php?r=feedback/admin
---
2013/11/14 03:20:24 [error] [exception.CDbException] exception 'CDbException' with message 'Table "feedback" does not have a column named "read".' in C:\xampp\htdocs\thesis\framework\db\schema\CDbCommandBuilder.php:694
Stack trace:
#0 C:\xampp\htdocs\thesis\framework\db\ar\CActiveRecord.php(1625): CDbCommandBuilder->createColumnCriteria(Object(CMysqlTableSchema), Array, '', Array, '`t`.')
#1 C:\xampp\htdocs\thesis\protected\views\layouts\column2.php(15): CActiveRecord->countByAttributes(Array)
#2 C:\xampp\htdocs\thesis\framework\web\CBaseController.php(126): require('C:\xampp\htdocs...')
#3 C:\xampp\htdocs\thesis\framework\web\CBaseController.php(95): CBaseController->renderInternal('C:\xampp\htdocs...', Array, true)
#4 C:\xampp\htdocs\thesis\framework\web\CController.php(784): CBaseController->renderFile('C:\xampp\htdocs...', Array, true)
#5 C:\xampp\htdocs\thesis\protected\controllers\FeedbackController.php(143): CController->render('admin', Array)
#6 C:\xampp\htdocs\thesis\framework\web\actions\CInlineAction.php(49): FeedbackController->actionAdmin()
#7 C:\xampp\htdocs\thesis\framework\web\CController.php(308): CInlineAction->runWithParams(Array)
#8 C:\xampp\htdocs\thesis\framework\web\filters\CFilterChain.php(133): CController->runAction(Object(CInlineAction))
#9 C:\xampp\htdocs\thesis\framework\web\filters\CFilter.php(40): CFilterChain->run()
#10 C:\xampp\htdocs\thesis\framework\web\CController.php(1145): CFilter->filter(Object(CFilterChain))
#11 C:\xampp\htdocs\thesis\framework\web\filters\CInlineFilter.php(58): CController->filterAccessControl(Object(CFilterChain))
#12 C:\xampp\htdocs\thesis\framework\web\filters\CFilterChain.php(130): CInlineFilter->filter(Object(CFilterChain))
#13 C:\xampp\htdocs\thesis\framework\web\CController.php(291): CFilterChain->run()
#14 C:\xampp\htdocs\thesis\framework\web\CController.php(265): CController->runActionWithFilters(Object(CInlineAction), Array)
#15 C:\xampp\htdocs\thesis\framework\web\CWebApplication.php(282): CController->run('admin')
#16 C:\xampp\htdocs\thesis\framework\web\CWebApplication.php(141): CWebApplication->runController('feedback/admin')
#17 C:\xampp\htdocs\thesis\framework\base\CApplication.php(180): CWebApplication->processRequest()
#18 C:\xampp\htdocs\thesis\index.php(13): CApplication->run()
#19 {main}
REQUEST_URI=/thesis/index.php?r=feedback/admin
---
2013/11/14 04:06:09 [error] [exception.CException] exception 'CException' with message 'FeedbackController cannot find the requested view "index".' in C:\xampp\htdocs\thesis\framework\web\CController.php:878
Stack trace:
#0 C:\xampp\htdocs\thesis\framework\web\CController.php(782): CController->renderPartial('index', Array, true)
#1 C:\xampp\htdocs\thesis\protected\controllers\FeedbackController.php(137): CController->render('index', Array)
#2 C:\xampp\htdocs\thesis\framework\web\actions\CInlineAction.php(49): FeedbackController->actionIndex()
#3 C:\xampp\htdocs\thesis\framework\web\CController.php(308): CInlineAction->runWithParams(Array)
#4 C:\xampp\htdocs\thesis\framework\web\filters\CFilterChain.php(133): CController->runAction(Object(CInlineAction))
#5 C:\xampp\htdocs\thesis\framework\web\filters\CFilter.php(40): CFilterChain->run()
#6 C:\xampp\htdocs\thesis\framework\web\CController.php(1145): CFilter->filter(Object(CFilterChain))
#7 C:\xampp\htdocs\thesis\framework\web\filters\CInlineFilter.php(58): CController->filterAccessControl(Object(CFilterChain))
#8 C:\xampp\htdocs\thesis\framework\web\filters\CFilterChain.php(130): CInlineFilter->filter(Object(CFilterChain))
#9 C:\xampp\htdocs\thesis\framework\web\CController.php(291): CFilterChain->run()
#10 C:\xampp\htdocs\thesis\framework\web\CController.php(265): CController->runActionWithFilters(Object(CInlineAction), Array)
#11 C:\xampp\htdocs\thesis\framework\web\CWebApplication.php(282): CController->run('')
#12 C:\xampp\htdocs\thesis\framework\web\CWebApplication.php(141): CWebApplication->runController('feedback')
#13 C:\xampp\htdocs\thesis\framework\base\CApplication.php(180): CWebApplication->processRequest()
#14 C:\xampp\htdocs\thesis\index.php(13): CApplication->run()
#15 {main}
REQUEST_URI=/thesis/index.php?r=feedback
---
2013/11/14 04:06:15 [error] [exception.CHttpException.403] exception 'CHttpException' with message 'You are not authorized to perform this action.' in C:\xampp\htdocs\thesis\framework\web\auth\CAccessControlFilter.php:182
Stack trace:
#0 C:\xampp\htdocs\thesis\framework\web\auth\CAccessControlFilter.php(145): CAccessControlFilter->accessDenied(Object(CWebUser), 'You are not aut...')
#1 C:\xampp\htdocs\thesis\framework\web\filters\CFilter.php(38): CAccessControlFilter->preFilter(Object(CFilterChain))
#2 C:\xampp\htdocs\thesis\framework\web\CController.php(1145): CFilter->filter(Object(CFilterChain))
#3 C:\xampp\htdocs\thesis\framework\web\filters\CInlineFilter.php(58): CController->filterAccessControl(Object(CFilterChain))
#4 C:\xampp\htdocs\thesis\framework\web\filters\CFilterChain.php(130): CInlineFilter->filter(Object(CFilterChain))
#5 C:\xampp\htdocs\thesis\framework\web\CController.php(291): CFilterChain->run()
#6 C:\xampp\htdocs\thesis\framework\web\CController.php(265): CController->runActionWithFilters(Object(CInlineAction), Array)
#7 C:\xampp\htdocs\thesis\framework\web\CWebApplication.php(282): CController->run('test')
#8 C:\xampp\htdocs\thesis\framework\web\CWebApplication.php(141): CWebApplication->runController('feedback/test')
#9 C:\xampp\htdocs\thesis\framework\base\CApplication.php(180): CWebApplication->processRequest()
#10 C:\xampp\htdocs\thesis\index.php(13): CApplication->run()
#11 {main}
REQUEST_URI=/thesis/index.php?r=feedback/test
---
2013/11/14 04:06:25 [error] [php] Missing argument 1 for SendEmail::sendEmail(), called in C:\xampp\htdocs\thesis\framework\YiiBase.php on line 217 and defined (C:\xampp\htdocs\thesis\protected\components\SendEmail.php:10)
Stack trace:
#0 C:\xampp\htdocs\thesis\framework\base\CModule.php(103): CWebApplication->getComponent()
#1 C:\xampp\htdocs\thesis\protected\controllers\FeedbackController.php(64): CWebApplication->__get()
#2 C:\xampp\htdocs\thesis\framework\web\actions\CInlineAction.php(49): FeedbackController->actionTest()
#3 C:\xampp\htdocs\thesis\framework\web\CController.php(308): CInlineAction->runWithParams()
#4 C:\xampp\htdocs\thesis\framework\web\filters\CFilterChain.php(133): FeedbackController->runAction()
#5 C:\xampp\htdocs\thesis\framework\web\filters\CFilter.php(40): CFilterChain->run()
#6 C:\xampp\htdocs\thesis\framework\web\CController.php(1145): CAccessControlFilter->filter()
#7 C:\xampp\htdocs\thesis\framework\web\filters\CInlineFilter.php(58): FeedbackController->filterAccessControl()
#8 C:\xampp\htdocs\thesis\framework\web\filters\CFilterChain.php(130): CInlineFilter->filter()
#9 C:\xampp\htdocs\thesis\framework\web\CController.php(291): CFilterChain->run()
#10 C:\xampp\htdocs\thesis\framework\web\CController.php(265): FeedbackController->runActionWithFilters()
#11 C:\xampp\htdocs\thesis\framework\web\CWebApplication.php(282): FeedbackController->run()
#12 C:\xampp\htdocs\thesis\framework\web\CWebApplication.php(141): CWebApplication->runController()
#13 C:\xampp\htdocs\thesis\framework\base\CApplication.php(180): CWebApplication->processRequest()
#14 C:\xampp\htdocs\thesis\index.php(13): CWebApplication->run()
REQUEST_URI=/thesis/index.php?r=feedback/test
in C:\xampp\htdocs\thesis\protected\components\SendEmail.php (10)
in C:\xampp\htdocs\thesis\protected\controllers\FeedbackController.php (64)
in C:\xampp\htdocs\thesis\index.php (13)
2013/11/14 04:07:23 [error] [php] include(C:\xampp\htdocs\thesis\protected\extensions\yii-mail\YiiMailMessage.php): failed to open stream: No such file or directory (C:\xampp\htdocs\thesis\framework\YiiBase.php:401)
Stack trace:
#0 C:\xampp\htdocs\thesis\protected\components\SendEmail.php(12): spl_autoload_call()
#1 C:\xampp\htdocs\thesis\protected\controllers\FeedbackController.php(64): SendEmail->send()
#2 C:\xampp\htdocs\thesis\framework\web\actions\CInlineAction.php(49): FeedbackController->actionTest()
#3 C:\xampp\htdocs\thesis\framework\web\CController.php(308): CInlineAction->runWithParams()
#4 C:\xampp\htdocs\thesis\framework\web\filters\CFilterChain.php(133): FeedbackController->runAction()
#5 C:\xampp\htdocs\thesis\framework\web\filters\CFilter.php(40): CFilterChain->run()
#6 C:\xampp\htdocs\thesis\framework\web\CController.php(1145): CAccessControlFilter->filter()
#7 C:\xampp\htdocs\thesis\framework\web\filters\CInlineFilter.php(58): FeedbackController->filterAccessControl()
#8 C:\xampp\htdocs\thesis\framework\web\filters\CFilterChain.php(130): CInlineFilter->filter()
#9 C:\xampp\htdocs\thesis\framework\web\CController.php(291): CFilterChain->run()
#10 C:\xampp\htdocs\thesis\framework\web\CController.php(265): FeedbackController->runActionWithFilters()
#11 C:\xampp\htdocs\thesis\framework\web\CWebApplication.php(282): FeedbackController->run()
#12 C:\xampp\htdocs\thesis\framework\web\CWebApplication.php(141): CWebApplication->runController()
#13 C:\xampp\htdocs\thesis\framework\base\CApplication.php(180): CWebApplication->processRequest()
#14 C:\xampp\htdocs\thesis\index.php(13): CWebApplication->run()
REQUEST_URI=/thesis/index.php?r=feedback/test
in C:\xampp\htdocs\thesis\protected\components\SendEmail.php (12)
in C:\xampp\htdocs\thesis\protected\controllers\FeedbackController.php (64)
in C:\xampp\htdocs\thesis\index.php (13)
2013/11/14 04:08:03 [error] [exception.Swift_TransportException] exception 'Swift_TransportException' with message 'Cannot send message without a sender address' in C:\xampp\htdocs\thesis\protected\extensions\yii-mail\vendors\swiftMailer\classes\Swift\Transport\AbstractSmtpTransport.php:146
Stack trace:
#0 C:\xampp\htdocs\thesis\protected\extensions\yii-mail\vendors\swiftMailer\classes\Swift\Mailer.php(77): Swift_Transport_AbstractSmtpTransport->send(Object(Swift_Message), Array)
#1 C:\xampp\htdocs\thesis\protected\extensions\yii-mail\YiiMail.php(133): Swift_Mailer->send(Object(Swift_Message), Array)
#2 C:\xampp\htdocs\thesis\protected\components\SendEmail.php(18): YiiMail->send(Object(YiiMailMessage))
#3 C:\xampp\htdocs\thesis\protected\controllers\FeedbackController.php(64): SendEmail->send('Test sending em...', 'From admin of h...', 'an.cse09@gmail....')
#4 C:\xampp\htdocs\thesis\framework\web\actions\CInlineAction.php(49): FeedbackController->actionTest()
#5 C:\xampp\htdocs\thesis\framework\web\CController.php(308): CInlineAction->runWithParams(Array)
#6 C:\xampp\htdocs\thesis\framework\web\filters\CFilterChain.php(133): CController->runAction(Object(CInlineAction))
#7 C:\xampp\htdocs\thesis\framework\web\filters\CFilter.php(40): CFilterChain->run()
#8 C:\xampp\htdocs\thesis\framework\web\CController.php(1145): CFilter->filter(Object(CFilterChain))
#9 C:\xampp\htdocs\thesis\framework\web\filters\CInlineFilter.php(58): CController->filterAccessControl(Object(CFilterChain))
#10 C:\xampp\htdocs\thesis\framework\web\filters\CFilterChain.php(130): CInlineFilter->filter(Object(CFilterChain))
#11 C:\xampp\htdocs\thesis\framework\web\CController.php(291): CFilterChain->run()
#12 C:\xampp\htdocs\thesis\framework\web\CController.php(265): CController->runActionWithFilters(Object(CInlineAction), Array)
#13 C:\xampp\htdocs\thesis\framework\web\CWebApplication.php(282): CController->run('test')
#14 C:\xampp\htdocs\thesis\framework\web\CWebApplication.php(141): CWebApplication->runController('feedback/test')
#15 C:\xampp\htdocs\thesis\framework\base\CApplication.php(180): CWebApplication->processRequest()
#16 C:\xampp\htdocs\thesis\index.php(13): CApplication->run()
#17 {main}
REQUEST_URI=/thesis/index.php?r=feedback/test
---
2013/11/14 04:44:49 [error] [exception.Swift_RfcComplianceException] exception 'Swift_RfcComplianceException' with message 'Address in mailbox given [Hot deal Bch Khoa] does not comply with RFC 2822, 3.6.2.' in C:\xampp\htdocs\thesis\protected\extensions\yii-mail\vendors\swiftMailer\classes\Swift\Mime\Headers\MailboxHeader.php:309
Stack trace:
#0 C:\xampp\htdocs\thesis\protected\extensions\yii-mail\vendors\swiftMailer\classes\Swift\Mime\Headers\MailboxHeader.php(239): Swift_Mime_Headers_MailboxHeader->_assertValidAddress('Hot deal B??ch ...')
#1 C:\xampp\htdocs\thesis\protected\extensions\yii-mail\vendors\swiftMailer\classes\Swift\Mime\Headers\MailboxHeader.php(97): Swift_Mime_Headers_MailboxHeader->normalizeMailboxes(Array)
#2 C:\xampp\htdocs\thesis\protected\extensions\yii-mail\vendors\swiftMailer\classes\Swift\Mime\Headers\MailboxHeader.php(61): Swift_Mime_Headers_MailboxHeader->setNameAddresses(Array)
#3 C:\xampp\htdocs\thesis\protected\extensions\yii-mail\vendors\swiftMailer\classes\Swift\Mime\SimpleMimeEntity.php(571): Swift_Mime_Headers_MailboxHeader->setFieldBodyModel(Array)
#4 C:\xampp\htdocs\thesis\protected\extensions\yii-mail\vendors\swiftMailer\classes\Swift\Mime\SimpleMessage.php(199): Swift_Mime_SimpleMimeEntity->_setHeaderFieldModel('From', Array)
#5 C:\xampp\htdocs\thesis\protected\extensions\yii-mail\YiiMailMessage.php(78): Swift_Mime_SimpleMessage->setFrom('Hot deal B??ch ...')
#6 C:\xampp\htdocs\thesis\protected\components\SendEmail.php(18): YiiMailMessage->__set('from', 'Hot deal B??ch ...')
#7 C:\xampp\htdocs\thesis\protected\controllers\FeedbackController.php(65): SendEmail->send('????<div style=...', 'Tr??? l???i ph?...', 'an.cse09@gmail....')
#8 C:\xampp\htdocs\thesis\framework\web\actions\CInlineAction.php(49): FeedbackController->actionTest()
#9 C:\xampp\htdocs\thesis\framework\web\CController.php(308): CInlineAction->runWithParams(Array)
#10 C:\xampp\htdocs\thesis\framework\web\filters\CFilterChain.php(133): CController->runAction(Object(CInlineAction))
#11 C:\xampp\htdocs\thesis\framework\web\filters\CFilter.php(40): CFilterChain->run()
#12 C:\xampp\htdocs\thesis\framework\web\CController.php(1145): CFilter->filter(Object(CFilterChain))
#13 C:\xampp\htdocs\thesis\framework\web\filters\CInlineFilter.php(58): CController->filterAccessControl(Object(CFilterChain))
#14 C:\xampp\htdocs\thesis\framework\web\filters\CFilterChain.php(130): CInlineFilter->filter(Object(CFilterChain))
#15 C:\xampp\htdocs\thesis\framework\web\CController.php(291): CFilterChain->run()
#16 C:\xampp\htdocs\thesis\framework\web\CController.php(265): CController->runActionWithFilters(Object(CInlineAction), Array)
#17 C:\xampp\htdocs\thesis\framework\web\CWebApplication.php(282): CController->run('test')
#18 C:\xampp\htdocs\thesis\framework\web\CWebApplication.php(141): CWebApplication->runController('feedback/test')
#19 C:\xampp\htdocs\thesis\framework\base\CApplication.php(180): CWebApplication->processRequest()
#20 C:\xampp\htdocs\thesis\index.php(13): CApplication->run()
#21 {main}
REQUEST_URI=/thesis/index.php?r=feedback/test
---
2013/11/14 05:21:55 [error] [php] Undefined variable: feedback (C:\xampp\htdocs\thesis\protected\views\feedback\view.php:7)
Stack trace:
#0 C:\xampp\htdocs\thesis\framework\web\CController.php(869): FeedbackController->renderFile()
#1 C:\xampp\htdocs\thesis\framework\web\CController.php(782): FeedbackController->renderPartial()
#2 C:\xampp\htdocs\thesis\protected\controllers\FeedbackController.php(59): FeedbackController->render()
#3 unknown(0): FeedbackController->actionView()
#4 C:\xampp\htdocs\thesis\framework\web\actions\CAction.php(108): ReflectionMethod->invokeArgs()
#5 C:\xampp\htdocs\thesis\framework\web\actions\CInlineAction.php(47): CInlineAction->runWithParamsInternal()
#6 C:\xampp\htdocs\thesis\framework\web\CController.php(308): CInlineAction->runWithParams()
#7 C:\xampp\htdocs\thesis\framework\web\filters\CFilterChain.php(133): FeedbackController->runAction()
#8 C:\xampp\htdocs\thesis\framework\web\filters\CFilter.php(40): CFilterChain->run()
#9 C:\xampp\htdocs\thesis\framework\web\CController.php(1145): CAccessControlFilter->filter()
#10 C:\xampp\htdocs\thesis\framework\web\filters\CInlineFilter.php(58): FeedbackController->filterAccessControl()
#11 C:\xampp\htdocs\thesis\framework\web\filters\CFilterChain.php(130): CInlineFilter->filter()
#12 C:\xampp\htdocs\thesis\framework\web\CController.php(291): CFilterChain->run()
#13 C:\xampp\htdocs\thesis\framework\web\CController.php(265): FeedbackController->runActionWithFilters()
#14 C:\xampp\htdocs\thesis\framework\web\CWebApplication.php(282): FeedbackController->run()
#15 C:\xampp\htdocs\thesis\framework\web\CWebApplication.php(141): CWebApplication->runController()
#16 C:\xampp\htdocs\thesis\framework\base\CApplication.php(180): CWebApplication->processRequest()
#17 C:\xampp\htdocs\thesis\index.php(13): CWebApplication->run()
REQUEST_URI=/thesis/index.php?r=feedback/view&id=24
in C:\xampp\htdocs\thesis\protected\views\feedback\view.php (7)
in C:\xampp\htdocs\thesis\protected\controllers\FeedbackController.php (59)
in C:\xampp\htdocs\thesis\index.php (13)
2013/11/14 05:23:40 [error] [exception.CException] exception 'CException' with message 'TbActiveForm and its behaviors do not have a method or closure named "textFieldArea".' in C:\xampp\htdocs\thesis\framework\base\CComponent.php:266
Stack trace:
#0 C:\xampp\htdocs\thesis\protected\views\feedback\view.php(9): CComponent->__call('textFieldArea', Array)
#1 C:\xampp\htdocs\thesis\protected\views\feedback\view.php(9): TbActiveForm->textFieldArea(Object(Feedback), 'message', Array)
#2 C:\xampp\htdocs\thesis\framework\web\CBaseController.php(126): require('C:\xampp\htdocs...')
#3 C:\xampp\htdocs\thesis\framework\web\CBaseController.php(95): CBaseController->renderInternal('C:\xampp\htdocs...', Array, true)
#4 C:\xampp\htdocs\thesis\framework\web\CController.php(869): CBaseController->renderFile('C:\xampp\htdocs...', Array, true)
#5 C:\xampp\htdocs\thesis\framework\web\CController.php(782): CController->renderPartial('view', Array, true)
#6 C:\xampp\htdocs\thesis\protected\controllers\FeedbackController.php(59): CController->render('view', Array)
#7 [internal function]: FeedbackController->actionView('24')
#8 C:\xampp\htdocs\thesis\framework\web\actions\CAction.php(108): ReflectionMethod->invokeArgs(Object(FeedbackController), Array)
#9 C:\xampp\htdocs\thesis\framework\web\actions\CInlineAction.php(47): CAction->runWithParamsInternal(Object(FeedbackController), Object(ReflectionMethod), Array)
#10 C:\xampp\htdocs\thesis\framework\web\CController.php(308): CInlineAction->runWithParams(Array)
#11 C:\xampp\htdocs\thesis\framework\web\filters\CFilterChain.php(133): CController->runAction(Object(CInlineAction))
#12 C:\xampp\htdocs\thesis\framework\web\filters\CFilter.php(40): CFilterChain->run()
#13 C:\xampp\htdocs\thesis\framework\web\CController.php(1145): CFilter->filter(Object(CFilterChain))
#14 C:\xampp\htdocs\thesis\framework\web\filters\CInlineFilter.php(58): CController->filterAccessControl(Object(CFilterChain))
#15 C:\xampp\htdocs\thesis\framework\web\filters\CFilterChain.php(130): CInlineFilter->filter(Object(CFilterChain))
#16 C:\xampp\htdocs\thesis\framework\web\CController.php(291): CFilterChain->run()
#17 C:\xampp\htdocs\thesis\framework\web\CController.php(265): CController->runActionWithFilters(Object(CInlineAction), Array)
#18 C:\xampp\htdocs\thesis\framework\web\CWebApplication.php(282): CController->run('view')
#19 C:\xampp\htdocs\thesis\framework\web\CWebApplication.php(141): CWebApplication->runController('feedback/view')
#20 C:\xampp\htdocs\thesis\framework\base\CApplication.php(180): CWebApplication->processRequest()
#21 C:\xampp\htdocs\thesis\index.php(13): CApplication->run()
#22 {main}
REQUEST_URI=/thesis/index.php?r=feedback/view&id=24
---
2013/11/14 05:55:36 [error] [php] Undefined variable: form (C:\xampp\htdocs\thesis\protected\views\feedback\view.php:10)
Stack trace:
#0 C:\xampp\htdocs\thesis\framework\web\CController.php(869): FeedbackController->renderFile()
#1 C:\xampp\htdocs\thesis\framework\web\CController.php(782): FeedbackController->renderPartial()
#2 C:\xampp\htdocs\thesis\protected\controllers\FeedbackController.php(59): FeedbackController->render()
#3 unknown(0): FeedbackController->actionView()
#4 C:\xampp\htdocs\thesis\framework\web\actions\CAction.php(108): ReflectionMethod->invokeArgs()
#5 C:\xampp\htdocs\thesis\framework\web\actions\CInlineAction.php(47): CInlineAction->runWithParamsInternal()
#6 C:\xampp\htdocs\thesis\framework\web\CController.php(308): CInlineAction->runWithParams()
#7 C:\xampp\htdocs\thesis\framework\web\filters\CFilterChain.php(133): FeedbackController->runAction()
#8 C:\xampp\htdocs\thesis\framework\web\filters\CFilter.php(40): CFilterChain->run()
#9 C:\xampp\htdocs\thesis\framework\web\CController.php(1145): CAccessControlFilter->filter()
#10 C:\xampp\htdocs\thesis\framework\web\filters\CInlineFilter.php(58): FeedbackController->filterAccessControl()
#11 C:\xampp\htdocs\thesis\framework\web\filters\CFilterChain.php(130): CInlineFilter->filter()
#12 C:\xampp\htdocs\thesis\framework\web\CController.php(291): CFilterChain->run()
#13 C:\xampp\htdocs\thesis\framework\web\CController.php(265): FeedbackController->runActionWithFilters()
#14 C:\xampp\htdocs\thesis\framework\web\CWebApplication.php(282): FeedbackController->run()
#15 C:\xampp\htdocs\thesis\framework\web\CWebApplication.php(141): CWebApplication->runController()
#16 C:\xampp\htdocs\thesis\framework\base\CApplication.php(180): CWebApplication->processRequest()
#17 C:\xampp\htdocs\thesis\index.php(13): CWebApplication->run()
REQUEST_URI=/thesis/index.php?r=feedback/view&id=24
in C:\xampp\htdocs\thesis\protected\views\feedback\view.php (10)
in C:\xampp\htdocs\thesis\protected\controllers\FeedbackController.php (59)
in C:\xampp\htdocs\thesis\index.php (13)
2013/11/14 08:01:06 [warning] [application] Failed to set unsafe attribute "response" of "Feedback".
in C:\xampp\htdocs\thesis\protected\controllers\FeedbackController.php (66)
in C:\xampp\htdocs\thesis\index.php (13)
2013/11/14 08:01:29 [error] [exception.CHttpException.404] exception 'CHttpException' with message 'Unable to resolve the request "fgii".' in C:\xampp\htdocs\thesis\framework\web\CWebApplication.php:286
Stack trace:
#0 C:\xampp\htdocs\thesis\framework\web\CWebApplication.php(141): CWebApplication->runController('fgii')
#1 C:\xampp\htdocs\thesis\framework\base\CApplication.php(180): CWebApplication->processRequest()
#2 C:\xampp\htdocs\thesis\index.php(13): CApplication->run()
#3 {main}
REQUEST_URI=/thesis/index.php?r=fgii
---
2013/11/14 08:02:27 [error] [php] Array to string conversion (C:\xampp\htdocs\thesis\protected\controllers\FeedbackController.php:70)
Stack trace:
#0 C:\xampp\htdocs\thesis\framework\web\filters\CFilterChain.php(133): FeedbackController->runAction()
#1 C:\xampp\htdocs\thesis\framework\web\filters\CFilter.php(40): CFilterChain->run()
#2 C:\xampp\htdocs\thesis\framework\web\CController.php(1145): CAccessControlFilter->filter()
#3 C:\xampp\htdocs\thesis\framework\web\filters\CInlineFilter.php(58): FeedbackController->filterAccessControl()
#4 C:\xampp\htdocs\thesis\framework\web\filters\CFilterChain.php(130): CInlineFilter->filter()
#5 C:\xampp\htdocs\thesis\framework\web\CController.php(291): CFilterChain->run()
#6 C:\xampp\htdocs\thesis\framework\web\CController.php(265): FeedbackController->runActionWithFilters()
#7 C:\xampp\htdocs\thesis\framework\web\CWebApplication.php(282): FeedbackController->run()
#8 C:\xampp\htdocs\thesis\framework\web\CWebApplication.php(141): CWebApplication->runController()
#9 C:\xampp\htdocs\thesis\framework\base\CApplication.php(180): CWebApplication->processRequest()
#10 C:\xampp\htdocs\thesis\index.php(13): CWebApplication->run()
REQUEST_URI=/thesis/index.php?r=feedback/reply
in C:\xampp\htdocs\thesis\protected\controllers\FeedbackController.php (70)
in C:\xampp\htdocs\thesis\index.php (13)
2013/11/14 08:03:01 [error] [php] Array to string conversion (C:\xampp\htdocs\thesis\protected\controllers\FeedbackController.php:71)
Stack trace:
#0 C:\xampp\htdocs\thesis\framework\web\filters\CFilterChain.php(133): FeedbackController->runAction()
#1 C:\xampp\htdocs\thesis\framework\web\filters\CFilter.php(40): CFilterChain->run()
#2 C:\xampp\htdocs\thesis\framework\web\CController.php(1145): CAccessControlFilter->filter()
#3 C:\xampp\htdocs\thesis\framework\web\filters\CInlineFilter.php(58): FeedbackController->filterAccessControl()
#4 C:\xampp\htdocs\thesis\framework\web\filters\CFilterChain.php(130): CInlineFilter->filter()
#5 C:\xampp\htdocs\thesis\framework\web\CController.php(291): CFilterChain->run()
#6 C:\xampp\htdocs\thesis\framework\web\CController.php(265): FeedbackController->runActionWithFilters()
#7 C:\xampp\htdocs\thesis\framework\web\CWebApplication.php(282): FeedbackController->run()
#8 C:\xampp\htdocs\thesis\framework\web\CWebApplication.php(141): CWebApplication->runController()
#9 C:\xampp\htdocs\thesis\framework\base\CApplication.php(180): CWebApplication->processRequest()
#10 C:\xampp\htdocs\thesis\index.php(13): CWebApplication->run()
REQUEST_URI=/thesis/index.php?r=feedback/reply
in C:\xampp\htdocs\thesis\protected\controllers\FeedbackController.php (71)
in C:\xampp\htdocs\thesis\index.php (13)
2013/11/14 08:03:13 [error] [php] Array to string conversion (C:\xampp\htdocs\thesis\protected\controllers\FeedbackController.php:71)
Stack trace:
#0 C:\xampp\htdocs\thesis\framework\web\filters\CFilterChain.php(133): FeedbackController->runAction()
#1 C:\xampp\htdocs\thesis\framework\web\filters\CFilter.php(40): CFilterChain->run()
#2 C:\xampp\htdocs\thesis\framework\web\CController.php(1145): CAccessControlFilter->filter()
#3 C:\xampp\htdocs\thesis\framework\web\filters\CInlineFilter.php(58): FeedbackController->filterAccessControl()
#4 C:\xampp\htdocs\thesis\framework\web\filters\CFilterChain.php(130): CInlineFilter->filter()
#5 C:\xampp\htdocs\thesis\framework\web\CController.php(291): CFilterChain->run()
#6 C:\xampp\htdocs\thesis\framework\web\CController.php(265): FeedbackController->runActionWithFilters()
#7 C:\xampp\htdocs\thesis\framework\web\CWebApplication.php(282): FeedbackController->run()
#8 C:\xampp\htdocs\thesis\framework\web\CWebApplication.php(141): CWebApplication->runController()
#9 C:\xampp\htdocs\thesis\framework\base\CApplication.php(180): CWebApplication->processRequest()
#10 C:\xampp\htdocs\thesis\index.php(13): CWebApplication->run()
REQUEST_URI=/thesis/index.php?r=feedback/reply
in C:\xampp\htdocs\thesis\protected\controllers\FeedbackController.php (71)
in C:\xampp\htdocs\thesis\index.php (13)
2013/11/14 08:05:20 [error] [php] Array to string conversion (C:\xampp\htdocs\thesis\protected\controllers\FeedbackController.php:71)
Stack trace:
#0 C:\xampp\htdocs\thesis\framework\web\filters\CFilterChain.php(133): FeedbackController->runAction()
#1 C:\xampp\htdocs\thesis\framework\web\filters\CFilter.php(40): CFilterChain->run()
#2 C:\xampp\htdocs\thesis\framework\web\CController.php(1145): CAccessControlFilter->filter()
#3 C:\xampp\htdocs\thesis\framework\web\filters\CInlineFilter.php(58): FeedbackController->filterAccessControl()
#4 C:\xampp\htdocs\thesis\framework\web\filters\CFilterChain.php(130): CInlineFilter->filter()
#5 C:\xampp\htdocs\thesis\framework\web\CController.php(291): CFilterChain->run()
#6 C:\xampp\htdocs\thesis\framework\web\CController.php(265): FeedbackController->runActionWithFilters()
#7 C:\xampp\htdocs\thesis\framework\web\CWebApplication.php(282): FeedbackController->run()
#8 C:\xampp\htdocs\thesis\framework\web\CWebApplication.php(141): CWebApplication->runController()
#9 C:\xampp\htdocs\thesis\framework\base\CApplication.php(180): CWebApplication->processRequest()
#10 C:\xampp\htdocs\thesis\index.php(13): CWebApplication->run()
REQUEST_URI=/thesis/index.php?r=feedback/reply
in C:\xampp\htdocs\thesis\protected\controllers\FeedbackController.php (71)
in C:\xampp\htdocs\thesis\index.php (13)
2013/11/14 08:05:28 [error] [php] Array to string conversion (C:\xampp\htdocs\thesis\protected\controllers\FeedbackController.php:71)
Stack trace:
#0 C:\xampp\htdocs\thesis\framework\web\filters\CFilterChain.php(133): FeedbackController->runAction()
#1 C:\xampp\htdocs\thesis\framework\web\filters\CFilter.php(40): CFilterChain->run()
#2 C:\xampp\htdocs\thesis\framework\web\CController.php(1145): CAccessControlFilter->filter()
#3 C:\xampp\htdocs\thesis\framework\web\filters\CInlineFilter.php(58): FeedbackController->filterAccessControl()
#4 C:\xampp\htdocs\thesis\framework\web\filters\CFilterChain.php(130): CInlineFilter->filter()
#5 C:\xampp\htdocs\thesis\framework\web\CController.php(291): CFilterChain->run()
#6 C:\xampp\htdocs\thesis\framework\web\CController.php(265): FeedbackController->runActionWithFilters()
#7 C:\xampp\htdocs\thesis\framework\web\CWebApplication.php(282): FeedbackController->run()
#8 C:\xampp\htdocs\thesis\framework\web\CWebApplication.php(141): CWebApplication->runController()
#9 C:\xampp\htdocs\thesis\framework\base\CApplication.php(180): CWebApplication->processRequest()
#10 C:\xampp\htdocs\thesis\index.php(13): CWebApplication->run()
REQUEST_URI=/thesis/index.php?r=feedback/reply
in C:\xampp\htdocs\thesis\protected\controllers\FeedbackController.php (71)
in C:\xampp\htdocs\thesis\index.php (13)
2013/11/14 13:48:21 [error] [php] fsockopen(): php_network_getaddresses: getaddrinfo failed: No such host is known.  (C:\xampp\htdocs\thesis\protected\extensions\yii-mail\vendors\swiftMailer\classes\Swift\Transport\StreamBuffer.php:233)
Stack trace:
#0 C:\xampp\htdocs\thesis\protected\extensions\yii-mail\vendors\swiftMailer\classes\Swift\Transport\AbstractSmtpTransport.php(101): Swift_Transport_StreamBuffer->initialize()
#1 C:\xampp\htdocs\thesis\protected\extensions\yii-mail\vendors\swiftMailer\classes\Swift\Mailer.php(74): Swift_SmtpTransport->start()
#2 C:\xampp\htdocs\thesis\protected\extensions\yii-mail\YiiMail.php(133): Swift_Mailer->send()
#3 C:\xampp\htdocs\thesis\protected\components\SendEmail.php(19): YiiMail->send()
#4 C:\xampp\htdocs\thesis\protected\controllers\FeedbackController.php(70): SendEmail->send()
#5 C:\xampp\htdocs\thesis\framework\web\actions\CInlineAction.php(49): FeedbackController->actionReply()
#6 C:\xampp\htdocs\thesis\framework\web\CController.php(308): CInlineAction->runWithParams()
#7 C:\xampp\htdocs\thesis\framework\web\filters\CFilterChain.php(133): FeedbackController->runAction()
#8 C:\xampp\htdocs\thesis\framework\web\filters\CFilter.php(40): CFilterChain->run()
#9 C:\xampp\htdocs\thesis\framework\web\CController.php(1145): CAccessControlFilter->filter()
#10 C:\xampp\htdocs\thesis\framework\web\filters\CInlineFilter.php(58): FeedbackController->filterAccessControl()
#11 C:\xampp\htdocs\thesis\framework\web\filters\CFilterChain.php(130): CInlineFilter->filter()
#12 C:\xampp\htdocs\thesis\framework\web\CController.php(291): CFilterChain->run()
#13 C:\xampp\htdocs\thesis\framework\web\CController.php(265): FeedbackController->runActionWithFilters()
#14 C:\xampp\htdocs\thesis\framework\web\CWebApplication.php(282): FeedbackController->run()
#15 C:\xampp\htdocs\thesis\framework\web\CWebApplication.php(141): CWebApplication->runController()
#16 C:\xampp\htdocs\thesis\framework\base\CApplication.php(180): CWebApplication->processRequest()
#17 C:\xampp\htdocs\thesis\index.php(13): CWebApplication->run()
REQUEST_URI=/thesis/index.php?r=feedback/reply
in C:\xampp\htdocs\thesis\protected\extensions\yii-mail\vendors\swiftMailer\classes\Swift\Transport\StreamBuffer.php (233)
in C:\xampp\htdocs\thesis\protected\extensions\yii-mail\vendors\swiftMailer\classes\Swift\Transport\StreamBuffer.php (70)
in C:\xampp\htdocs\thesis\protected\extensions\yii-mail\vendors\swiftMailer\classes\Swift\Transport\AbstractSmtpTransport.php (101)
2013/11/14 13:50:11 [error] [php] Undefined index: ID (C:\xampp\htdocs\thesis\protected\controllers\FeedbackController.php:65)
Stack trace:
#0 C:\xampp\htdocs\thesis\framework\web\filters\CFilterChain.php(133): FeedbackController->runAction()
#1 C:\xampp\htdocs\thesis\framework\web\filters\CFilter.php(40): CFilterChain->run()
#2 C:\xampp\htdocs\thesis\framework\web\CController.php(1145): CAccessControlFilter->filter()
#3 C:\xampp\htdocs\thesis\framework\web\filters\CInlineFilter.php(58): FeedbackController->filterAccessControl()
#4 C:\xampp\htdocs\thesis\framework\web\filters\CFilterChain.php(130): CInlineFilter->filter()
#5 C:\xampp\htdocs\thesis\framework\web\CController.php(291): CFilterChain->run()
#6 C:\xampp\htdocs\thesis\framework\web\CController.php(265): FeedbackController->runActionWithFilters()
#7 C:\xampp\htdocs\thesis\framework\web\CWebApplication.php(282): FeedbackController->run()
#8 C:\xampp\htdocs\thesis\framework\web\CWebApplication.php(141): CWebApplication->runController()
#9 C:\xampp\htdocs\thesis\framework\base\CApplication.php(180): CWebApplication->processRequest()
#10 C:\xampp\htdocs\thesis\index.php(13): CWebApplication->run()
REQUEST_URI=/thesis/index.php?r=feedback/reply
in C:\xampp\htdocs\thesis\protected\controllers\FeedbackController.php (65)
in C:\xampp\htdocs\thesis\index.php (13)
2013/11/14 14:08:12 [error] [php] Missing argument 2 for CHtml::label(), called in C:\xampp\htdocs\thesis\framework\base\CComponent.php(612) : eval()'d code on line 1 and defined (C:\xampp\htdocs\thesis\framework\web\helpers\CHtml.php:562)
Stack trace:
#0 C:\xampp\htdocs\thesis\framework\zii\widgets\grid\CDataColumn.php(137): TbDataColumn->evaluateExpression()
#1 C:\xampp\htdocs\thesis\framework\zii\widgets\grid\CGridColumn.php(151): TbDataColumn->renderDataCellContent()
#2 C:\xampp\htdocs\thesis\framework\zii\widgets\grid\CGridView.php(616): TbDataColumn->renderDataCell()
#3 C:\xampp\htdocs\thesis\framework\zii\widgets\grid\CGridView.php(572): TbGridView->renderTableRow()
#4 C:\xampp\htdocs\thesis\framework\zii\widgets\grid\CGridView.php(482): TbGridView->renderTableBody()
#5 C:\xampp\htdocs\thesis\framework\zii\widgets\CBaseListView.php(167): TbGridView->renderItems()
#6 unknown(0): TbGridView->renderSection()
#7 C:\xampp\htdocs\thesis\framework\zii\widgets\CBaseListView.php(150): preg_replace_callback()
#8 C:\xampp\htdocs\thesis\framework\zii\widgets\CBaseListView.php(135): TbGridView->renderContent()
#9 C:\xampp\htdocs\thesis\framework\web\CBaseController.php(173): TbGridView->run()
#10 C:\xampp\htdocs\thesis\protected\views\feedback\admin.php(26): FeedbackController->widget()
#11 C:\xampp\htdocs\thesis\framework\web\CBaseController.php(126): require()
#12 C:\xampp\htdocs\thesis\framework\web\CBaseController.php(95): FeedbackController->renderInternal()
#13 C:\xampp\htdocs\thesis\framework\web\CController.php(869): FeedbackController->renderFile()
#14 C:\xampp\htdocs\thesis\framework\web\CController.php(782): FeedbackController->renderPartial()
#15 C:\xampp\htdocs\thesis\protected\controllers\FeedbackController.php(174): FeedbackController->render()
#16 C:\xampp\htdocs\thesis\framework\web\actions\CInlineAction.php(49): FeedbackController->actionAdmin()
#17 C:\xampp\htdocs\thesis\framework\web\CController.php(308): CInlineAction->runWithParams()
#18 C:\xampp\htdocs\thesis\framework\web\filters\CFilterChain.php(133): FeedbackController->runAction()
#19 C:\xampp\htdocs\thesis\framework\web\filters\CFilter.php(40): CFilterChain->run()
#20 C:\xampp\htdocs\thesis\framework\web\CController.php(1145): CAccessControlFilter->filter()
#21 C:\xampp\htdocs\thesis\framework\web\filters\CInlineFilter.php(58): FeedbackController->filterAccessControl()
#22 C:\xampp\htdocs\thesis\framework\web\filters\CFilterChain.php(130): CInlineFilter->filter()
#23 C:\xampp\htdocs\thesis\framework\web\CController.php(291): CFilterChain->run()
#24 C:\xampp\htdocs\thesis\framework\web\CController.php(265): FeedbackController->runActionWithFilters()
#25 C:\xampp\htdocs\thesis\framework\web\CWebApplication.php(282): FeedbackController->run()
#26 C:\xampp\htdocs\thesis\framework\web\CWebApplication.php(141): CWebApplication->runController()
#27 C:\xampp\htdocs\thesis\framework\base\CApplication.php(180): CWebApplication->processRequest()
#28 C:\xampp\htdocs\thesis\index.php(13): CWebApplication->run()
REQUEST_URI=/thesis/index.php?r=feedback/admin
in C:\xampp\htdocs\thesis\protected\views\feedback\admin.php (26)
in C:\xampp\htdocs\thesis\protected\controllers\FeedbackController.php (174)
in C:\xampp\htdocs\thesis\index.php (13)
2013/11/14 14:18:45 [error] [php] Undefined index: ID (C:\xampp\htdocs\thesis\protected\controllers\FeedbackController.php:65)
Stack trace:
#0 C:\xampp\htdocs\thesis\framework\web\filters\CFilterChain.php(133): FeedbackController->runAction()
#1 C:\xampp\htdocs\thesis\framework\web\filters\CFilter.php(40): CFilterChain->run()
#2 C:\xampp\htdocs\thesis\framework\web\CController.php(1145): CAccessControlFilter->filter()
#3 C:\xampp\htdocs\thesis\framework\web\filters\CInlineFilter.php(58): FeedbackController->filterAccessControl()
#4 C:\xampp\htdocs\thesis\framework\web\filters\CFilterChain.php(130): CInlineFilter->filter()
#5 C:\xampp\htdocs\thesis\framework\web\CController.php(291): CFilterChain->run()
#6 C:\xampp\htdocs\thesis\framework\web\CController.php(265): FeedbackController->runActionWithFilters()
#7 C:\xampp\htdocs\thesis\framework\web\CWebApplication.php(282): FeedbackController->run()
#8 C:\xampp\htdocs\thesis\framework\web\CWebApplication.php(141): CWebApplication->runController()
#9 C:\xampp\htdocs\thesis\framework\base\CApplication.php(180): CWebApplication->processRequest()
#10 C:\xampp\htdocs\thesis\index.php(13): CWebApplication->run()
REQUEST_URI=/thesis/index.php?r=feedback/reply
in C:\xampp\htdocs\thesis\protected\controllers\FeedbackController.php (65)
in C:\xampp\htdocs\thesis\index.php (13)
2013/11/14 14:19:44 [error] [php] Undefined index: ID (C:\xampp\htdocs\thesis\protected\controllers\FeedbackController.php:65)
Stack trace:
#0 C:\xampp\htdocs\thesis\framework\web\filters\CFilterChain.php(133): FeedbackController->runAction()
#1 C:\xampp\htdocs\thesis\framework\web\filters\CFilter.php(40): CFilterChain->run()
#2 C:\xampp\htdocs\thesis\framework\web\CController.php(1145): CAccessControlFilter->filter()
#3 C:\xampp\htdocs\thesis\framework\web\filters\CInlineFilter.php(58): FeedbackController->filterAccessControl()
#4 C:\xampp\htdocs\thesis\framework\web\filters\CFilterChain.php(130): CInlineFilter->filter()
#5 C:\xampp\htdocs\thesis\framework\web\CController.php(291): CFilterChain->run()
#6 C:\xampp\htdocs\thesis\framework\web\CController.php(265): FeedbackController->runActionWithFilters()
#7 C:\xampp\htdocs\thesis\framework\web\CWebApplication.php(282): FeedbackController->run()
#8 C:\xampp\htdocs\thesis\framework\web\CWebApplication.php(141): CWebApplication->runController()
#9 C:\xampp\htdocs\thesis\framework\base\CApplication.php(180): CWebApplication->processRequest()
#10 C:\xampp\htdocs\thesis\index.php(13): CWebApplication->run()
REQUEST_URI=/thesis/index.php?r=feedback/reply
in C:\xampp\htdocs\thesis\protected\controllers\FeedbackController.php (65)
in C:\xampp\htdocs\thesis\index.php (13)
2013/11/14 14:21:21 [error] [php] Undefined index: ID (C:\xampp\htdocs\thesis\protected\controllers\FeedbackController.php:65)
Stack trace:
#0 C:\xampp\htdocs\thesis\framework\web\filters\CFilterChain.php(133): FeedbackController->runAction()
#1 C:\xampp\htdocs\thesis\framework\web\filters\CFilter.php(40): CFilterChain->run()
#2 C:\xampp\htdocs\thesis\framework\web\CController.php(1145): CAccessControlFilter->filter()
#3 C:\xampp\htdocs\thesis\framework\web\filters\CInlineFilter.php(58): FeedbackController->filterAccessControl()
#4 C:\xampp\htdocs\thesis\framework\web\filters\CFilterChain.php(130): CInlineFilter->filter()
#5 C:\xampp\htdocs\thesis\framework\web\CController.php(291): CFilterChain->run()
#6 C:\xampp\htdocs\thesis\framework\web\CController.php(265): FeedbackController->runActionWithFilters()
#7 C:\xampp\htdocs\thesis\framework\web\CWebApplication.php(282): FeedbackController->run()
#8 C:\xampp\htdocs\thesis\framework\web\CWebApplication.php(141): CWebApplication->runController()
#9 C:\xampp\htdocs\thesis\framework\base\CApplication.php(180): CWebApplication->processRequest()
#10 C:\xampp\htdocs\thesis\index.php(13): CWebApplication->run()
REQUEST_URI=/thesis/index.php?r=feedback/reply
in C:\xampp\htdocs\thesis\protected\controllers\FeedbackController.php (65)
in C:\xampp\htdocs\thesis\index.php (13)
2013/11/14 14:29:03 [warning] [application] Failed to set unsafe attribute "ID" of "Feedback".
in C:\xampp\htdocs\thesis\protected\controllers\FeedbackController.php (66)
in C:\xampp\htdocs\thesis\index.php (13)
2013/11/14 14:42:03 [warning] [application] Failed to set unsafe attribute "ID" of "Feedback".
in C:\xampp\htdocs\thesis\protected\controllers\FeedbackController.php (66)
in C:\xampp\htdocs\thesis\index.php (13)
2013/11/14 14:42:23 [warning] [application] Failed to set unsafe attribute "ID" of "Feedback".
in C:\xampp\htdocs\thesis\protected\controllers\FeedbackController.php (66)
in C:\xampp\htdocs\thesis\index.php (13)
